Determining if the pthread_create exist failed with the following output:
Change Dir: /home/ossome/obstacle_avoidance/catkin_ws/build/CMakeFiles/CMakeTmp

Run Build Command:"/usr/bin/make" "cmTC_4f6f9/fast"
/usr/bin/make -f CMakeFiles/cmTC_4f6f9.dir/build.make CMakeFiles/cmTC_4f6f9.dir/build
make[1]: Entering directory '/home/ossome/obstacle_avoidance/catkin_ws/build/CMakeFiles/CMakeTmp'
Building C object CMakeFiles/cmTC_4f6f9.dir/CheckSymbolExists.c.o
/usr/bin/cc    -o CMakeFiles/cmTC_4f6f9.dir/CheckSymbolExists.c.o   -c /home/ossome/obstacle_avoidance/catkin_ws/build/CMakeFiles/CMakeTmp/CheckSymbolExists.c
Linking C executable cmTC_4f6f9
/usr/bin/cmake -E cmake_link_script CMakeFiles/cmTC_4f6f9.dir/link.txt --verbose=1
/usr/bin/cc      -rdynamic CMakeFiles/cmTC_4f6f9.dir/CheckSymbolExists.c.o  -o cmTC_4f6f9 
CMakeFiles/cmTC_4f6f9.dir/CheckSymbolExists.c.o: In function `main':
CheckSymbolExists.c:(.text+0x1b): undefined reference to `pthread_create'
collect2: error: ld returned 1 exit status
CMakeFiles/cmTC_4f6f9.dir/build.make:86: recipe for target 'cmTC_4f6f9' failed
make[1]: *** [cmTC_4f6f9] Error 1
make[1]: Leaving directory '/home/ossome/obstacle_avoidance/catkin_ws/build/CMakeFiles/CMakeTmp'
Makefile:121: recipe for target 'cmTC_4f6f9/fast' failed
make: *** [cmTC_4f6f9/fast] Error 2

File /home/ossome/obstacle_avoidance/catkin_ws/build/CMakeFiles/CMakeTmp/CheckSymbolExists.c:
/* */
#include <pthread.h>

int main(int argc, char** argv)
{
  (void)argv;
#ifndef pthread_create
  return ((int*)(&pthread_create))[argc];
#else
  (void)argc;
  return 0;
#endif
}

Determining if the function pthread_create exists in the pthreads failed with the following output:
Change Dir: /home/ossome/obstacle_avoidance/catkin_ws/build/CMakeFiles/CMakeTmp

Run Build Command:"/usr/bin/make" "cmTC_97749/fast"
/usr/bin/make -f CMakeFiles/cmTC_97749.dir/build.make CMakeFiles/cmTC_97749.dir/build
make[1]: Entering directory '/home/ossome/obstacle_avoidance/catkin_ws/build/CMakeFiles/CMakeTmp'
Building C object CMakeFiles/cmTC_97749.dir/CheckFunctionExists.c.o
/usr/bin/cc   -DCHECK_FUNCTION_EXISTS=pthread_create   -o CMakeFiles/cmTC_97749.dir/CheckFunctionExists.c.o   -c /usr/share/cmake-3.13/Modules/CheckFunctionExists.c
Linking C executable cmTC_97749
/usr/bin/cmake -E cmake_link_script CMakeFiles/cmTC_97749.dir/link.txt --verbose=1
/usr/bin/cc  -DCHECK_FUNCTION_EXISTS=pthread_create    -rdynamic CMakeFiles/cmTC_97749.dir/CheckFunctionExists.c.o  -o cmTC_97749 -lpthreads 
/usr/bin/ld: cannot find -lpthreads
collect2: error: ld returned 1 exit status
CMakeFiles/cmTC_97749.dir/build.make:86: recipe for target 'cmTC_97749' failed
make[1]: *** [cmTC_97749] Error 1
make[1]: Leaving directory '/home/ossome/obstacle_avoidance/catkin_ws/build/CMakeFiles/CMakeTmp'
Makefile:121: recipe for target 'cmTC_97749/fast' failed
make: *** [cmTC_97749/fast] Error 2


